<?xml version="1.0" encoding="UTF-8"?>
<!-- Generated by org.testng.reporters.JUnitReportReporter -->
<testsuite hostname="MININT-AC2OSS5" failures="0" tests="1" name="pageFactoryTestCases.OrangeHRMLoginLogoutTest" time="5.554" errors="0" timestamp="2022-05-29T11:39:59 IST" skipped="0">
  <testcase classname="pageFactoryTestCases.OrangeHRMLoginLogoutTest" name="loginLogoutTest" time="5.554"/>
  <system-out/>
</testsuite> <!-- pageFactoryTestCases.OrangeHRMLoginLogoutTest -->
