<?xml version="1.0" encoding="UTF-8"?>
<!-- Generated by org.testng.reporters.JUnitReportReporter -->
<testsuite hostname="MININT-AC2OSS5" failures="0" tests="1" name="testCases.OrangeHRMForgotPasswordTest" time="3.891" errors="0" timestamp="2022-05-29T11:16:39 IST" skipped="0">
  <testcase classname="testCases.OrangeHRMForgotPasswordTest" name="loginLogoutTest" time="3.891"/>
  <system-out/>
</testsuite> <!-- testCases.OrangeHRMForgotPasswordTest -->
